\BOOKMARK [0][-]{chapter.1}{Introduction}{}% 1
\BOOKMARK [0][-]{chapter.2}{Plotting data}{}% 2
\BOOKMARK [1][-]{section.2.1}{Categorical data}{chapter.2}% 3
\BOOKMARK [1][-]{section.2.2}{Count data}{chapter.2}% 4
\BOOKMARK [1][-]{section.2.3}{Continuous data}{chapter.2}% 5
\BOOKMARK [1][-]{section.2.4}{Data transformations}{chapter.2}% 6
\BOOKMARK [1][-]{section.2.5}{Multivariate distributions}{chapter.2}% 7
\BOOKMARK [1][-]{section.2.6}{Empirical cumulative distribution fuctions}{chapter.2}% 8
\BOOKMARK [0][-]{chapter.3}{Summary statistics}{}% 9
\BOOKMARK [1][-]{section.3.1}{Location}{chapter.3}% 10
\BOOKMARK [1][-]{section.3.2}{Dispersion}{chapter.3}% 11
\BOOKMARK [1][-]{section.3.3}{Shape}{chapter.3}% 12
\BOOKMARK [1][-]{section.3.4}{Box-and-whisker plots}{chapter.3}% 13
\BOOKMARK [0][-]{chapter.4}{Probability}{}% 14
\BOOKMARK [1][-]{section.4.1}{Permutations}{chapter.4}% 15
\BOOKMARK [1][-]{section.4.2}{Combinations}{chapter.4}% 16
\BOOKMARK [1][-]{section.4.3}{Conditional probability}{chapter.4}% 17
\BOOKMARK [0][-]{chapter.5}{The binomial distribution}{}% 18
\BOOKMARK [1][-]{section.5.1}{Parameter estimation}{chapter.5}% 19
\BOOKMARK [1][-]{section.5.2}{Hypothesis tests}{chapter.5}% 20
\BOOKMARK [1][-]{section.5.3}{Statistical power}{chapter.5}% 21
\BOOKMARK [1][-]{section.5.4}{Type-I and type-II errors}{chapter.5}% 22
\BOOKMARK [1][-]{section.5.5}{Pitfalls of statistical hypothesis testing}{chapter.5}% 23
\BOOKMARK [1][-]{section.5.6}{Confidence intervals}{chapter.5}% 24
\BOOKMARK [0][-]{chapter.6}{The Poisson distribution}{}% 25
\BOOKMARK [1][-]{section.6.1}{Probability mass function}{chapter.6}% 26
\BOOKMARK [1][-]{section.6.2}{Parameter estimation}{chapter.6}% 27
\BOOKMARK [1][-]{section.6.3}{Hypothesis tests}{chapter.6}% 28
\BOOKMARK [1][-]{section.6.4}{Multiple testing}{chapter.6}% 29
\BOOKMARK [1][-]{section.6.5}{Confidence intervals}{chapter.6}% 30
\BOOKMARK [0][-]{chapter.7}{The normal distribution}{}% 31
\BOOKMARK [1][-]{section.7.1}{The Central Limit Theorem}{chapter.7}% 32
\BOOKMARK [1][-]{section.7.2}{The multivariate normal distribution}{chapter.7}% 33
\BOOKMARK [1][-]{section.7.3}{Properties}{chapter.7}% 34
\BOOKMARK [1][-]{section.7.4}{Parameter estimation}{chapter.7}% 35
\BOOKMARK [0][-]{chapter.8}{Error propagation}{}% 36
\BOOKMARK [1][-]{section.8.1}{Linear approximation}{chapter.8}% 37
\BOOKMARK [1][-]{section.8.2}{Examples}{chapter.8}% 38
\BOOKMARK [1][-]{section.8.3}{Standard deviation vs. standard error}{chapter.8}% 39
\BOOKMARK [1][-]{section.8.4}{Fisher Information}{chapter.8}% 40
\BOOKMARK [0][-]{chapter.9}{Comparing distributions}{}% 41
\BOOKMARK [1][-]{section.9.1}{Q-Q plots}{chapter.9}% 42
\BOOKMARK [1][-]{section.9.2}{The t-test}{chapter.9}% 43
\BOOKMARK [1][-]{section.9.3}{Confidence intervals}{chapter.9}% 44
\BOOKMARK [1][-]{section.9.4}{The 2-test}{chapter.9}% 45
\BOOKMARK [1][-]{section.9.5}{Comparing two or more samples}{chapter.9}% 46
\BOOKMARK [1][-]{section.9.6}{Cherry picking \(Type-I errors revisited\)}{chapter.9}% 47
\BOOKMARK [1][-]{section.9.7}{Effect size \(Type-II errors revisited\)}{chapter.9}% 48
\BOOKMARK [1][-]{section.9.8}{Non-parametric tests}{chapter.9}% 49
\BOOKMARK [0][-]{chapter.10}{Regression}{}% 50
\BOOKMARK [1][-]{section.10.1}{The correlation coefficient}{chapter.10}% 51
\BOOKMARK [1][-]{section.10.2}{Least Squares}{chapter.10}% 52
\BOOKMARK [1][-]{section.10.3}{Maximum Likelihood}{chapter.10}% 53
\BOOKMARK [1][-]{section.10.4}{Common mistakes}{chapter.10}% 54
\BOOKMARK [1][-]{section.10.5}{Weighted regression}{chapter.10}% 55
\BOOKMARK [0][-]{chapter.11}{Fractals and chaos}{}% 56
\BOOKMARK [1][-]{section.11.1}{Power law distributions}{chapter.11}% 57
\BOOKMARK [1][-]{section.11.2}{How long is the coast of Britain?}{chapter.11}% 58
\BOOKMARK [1][-]{section.11.3}{Fractals}{chapter.11}% 59
\BOOKMARK [1][-]{section.11.4}{Chaos}{chapter.11}% 60
\BOOKMARK [0][-]{chapter.12}{Unsupervised learning}{}% 61
\BOOKMARK [1][-]{section.12.1}{Principal Component Analysis}{chapter.12}% 62
\BOOKMARK [1][-]{section.12.2}{Multidimensional Scaling}{chapter.12}% 63
\BOOKMARK [1][-]{section.12.3}{K-means clustering}{chapter.12}% 64
\BOOKMARK [1][-]{section.12.4}{Hierarchical clustering}{chapter.12}% 65
\BOOKMARK [0][-]{chapter.13}{Supervised learning}{}% 66
\BOOKMARK [1][-]{section.13.1}{Discriminant Analysis}{chapter.13}% 67
\BOOKMARK [1][-]{section.13.2}{Decision trees}{chapter.13}% 68
\BOOKMARK [0][-]{chapter.14}{Compositional data}{}% 69
\BOOKMARK [1][-]{section.14.1}{Ratio data}{chapter.14}% 70
\BOOKMARK [1][-]{section.14.2}{Logratio transformations}{chapter.14}% 71
\BOOKMARK [1][-]{section.14.3}{PCA of compositional data}{chapter.14}% 72
\BOOKMARK [1][-]{section.14.4}{LDA of compositional data}{chapter.14}% 73
\BOOKMARK [1][-]{section.14.5}{Logratio processes}{chapter.14}% 74
\BOOKMARK [0][-]{chapter.15}{Directional data}{}% 75
\BOOKMARK [1][-]{section.15.1}{Circular data}{chapter.15}% 76
\BOOKMARK [1][-]{section.15.2}{Circular distributions}{chapter.15}% 77
\BOOKMARK [1][-]{section.15.3}{Spherical data}{chapter.15}% 78
\BOOKMARK [1][-]{section.15.4}{Spherical distributions}{chapter.15}% 79
\BOOKMARK [0][-]{chapter.16}{Spatial data}{}% 80
\BOOKMARK [1][-]{section.16.1}{The semivariogram}{chapter.16}% 81
\BOOKMARK [1][-]{section.16.2}{Semivariogram models}{chapter.16}% 82
\BOOKMARK [1][-]{section.16.3}{Kriging interpolation}{chapter.16}% 83
\BOOKMARK [0][-]{chapter.17}{An introduction to R}{}% 84
\BOOKMARK [1][-]{section.17.1}{The basics}{chapter.17}% 85
\BOOKMARK [1][-]{section.17.2}{Plotting data}{chapter.17}% 86
\BOOKMARK [1][-]{section.17.3}{Summary Statistics}{chapter.17}% 87
\BOOKMARK [1][-]{section.17.4}{Probability}{chapter.17}% 88
\BOOKMARK [1][-]{section.17.5}{The binomial distribution}{chapter.17}% 89
\BOOKMARK [1][-]{section.17.6}{The Poisson distribution}{chapter.17}% 90
\BOOKMARK [1][-]{section.17.7}{The normal distribution}{chapter.17}% 91
\BOOKMARK [1][-]{section.17.8}{Error propagation}{chapter.17}% 92
\BOOKMARK [1][-]{section.17.9}{Comparing distributions}{chapter.17}% 93
\BOOKMARK [1][-]{section.17.10}{Regression}{chapter.17}% 94
\BOOKMARK [1][-]{section.17.11}{Fractals and chaos}{chapter.17}% 95
\BOOKMARK [1][-]{section.17.12}{Unsupervised learning}{chapter.17}% 96
\BOOKMARK [1][-]{section.17.13}{Supervised learning}{chapter.17}% 97
\BOOKMARK [1][-]{section.17.14}{Compositional data}{chapter.17}% 98
\BOOKMARK [1][-]{section.17.15}{Directional data}{chapter.17}% 99
\BOOKMARK [1][-]{section.17.16}{Spatial data}{chapter.17}% 100
\BOOKMARK [0][-]{chapter.18}{Exercises}{}% 101
\BOOKMARK [1][-]{section.18.1}{The basics}{chapter.18}% 102
\BOOKMARK [1][-]{section.18.2}{Plotting data}{chapter.18}% 103
\BOOKMARK [1][-]{section.18.3}{Summary statistics}{chapter.18}% 104
\BOOKMARK [1][-]{section.18.4}{Probability}{chapter.18}% 105
\BOOKMARK [1][-]{section.18.5}{The binomial distribution}{chapter.18}% 106
\BOOKMARK [1][-]{section.18.6}{The Poisson distribution}{chapter.18}% 107
\BOOKMARK [1][-]{section.18.7}{The normal distribution}{chapter.18}% 108
\BOOKMARK [1][-]{section.18.8}{Error propagation}{chapter.18}% 109
\BOOKMARK [1][-]{section.18.9}{Comparing distributions}{chapter.18}% 110
\BOOKMARK [1][-]{section.18.10}{Regression}{chapter.18}% 111
\BOOKMARK [1][-]{section.18.11}{Fractals and chaos}{chapter.18}% 112
\BOOKMARK [1][-]{section.18.12}{Unsupervised learning}{chapter.18}% 113
\BOOKMARK [1][-]{section.18.13}{Supervised learning}{chapter.18}% 114
\BOOKMARK [1][-]{section.18.14}{Compositional data}{chapter.18}% 115
\BOOKMARK [1][-]{section.18.15}{Directional data}{chapter.18}% 116
\BOOKMARK [1][-]{section.18.16}{Spatial data}{chapter.18}% 117
\BOOKMARK [0][-]{chapter.19}{Solutions}{}% 118
\BOOKMARK [1][-]{section.19.1}{The basics}{chapter.19}% 119
\BOOKMARK [1][-]{section.19.2}{Plotting data}{chapter.19}% 120
\BOOKMARK [1][-]{section.19.3}{Summary statistics}{chapter.19}% 121
\BOOKMARK [1][-]{section.19.4}{Probability}{chapter.19}% 122
\BOOKMARK [1][-]{section.19.5}{The binomial distribution}{chapter.19}% 123
\BOOKMARK [1][-]{section.19.6}{The Poisson distribution}{chapter.19}% 124
\BOOKMARK [1][-]{section.19.7}{The normal distribution}{chapter.19}% 125
\BOOKMARK [1][-]{section.19.8}{Error propagation}{chapter.19}% 126
\BOOKMARK [1][-]{section.19.9}{Comparing distributions}{chapter.19}% 127
\BOOKMARK [1][-]{section.19.10}{Regression}{chapter.19}% 128
\BOOKMARK [1][-]{section.19.11}{Fractals and chaos}{chapter.19}% 129
\BOOKMARK [1][-]{section.19.12}{Unsupervised learning}{chapter.19}% 130
\BOOKMARK [1][-]{section.19.13}{Supervised learning}{chapter.19}% 131
\BOOKMARK [1][-]{section.19.14}{Compositional data}{chapter.19}% 132
\BOOKMARK [1][-]{section.19.15}{Directional data}{chapter.19}% 133
\BOOKMARK [1][-]{section.19.16}{Spatial data}{chapter.19}% 134
