This is pdfTeX, Version 3.141592653-2.6-1.40.22 (TeX Live 2022/dev/Debian) (preloaded format=pdflatex 2024.3.30)  5 MAY 2024 15:42
entering extended mode
 restricted \write18 enabled.
 %&-line parsing enabled.
**/home/pvermees/Desktop/GEOL0061/extra.tex
(/home/pvermees/Desktop/GEOL0061/extra.tex
LaTeX2e <2021-11-15> patch level 1
L3 programming layer <2022-01-21> (/usr/share/texlive/texmf-dist/tex/latex/base
/article.cls
Document Class: article 2021/10/04 v1.4n Standard LaTeX document class
(/usr/share/texlive/texmf-dist/tex/latex/base/size10.clo
File: size10.clo 2021/10/04 v1.4n Standard LaTeX file (size option)
)
\c@part=\count185
\c@section=\count186
\c@subsection=\count187
\c@subsubsection=\count188
\c@paragraph=\count189
\c@subparagraph=\count190
\c@figure=\count191
\c@table=\count192
\abovecaptionskip=\skip47
\belowcaptionskip=\skip48
\bibindent=\dimen138
) (/usr/share/texmf/tex/latex/lm/lmodern.sty
Package: lmodern 2009/10/30 v1.6 Latin Modern Fonts
LaTeX Font Info:    Overwriting symbol font `operators' in version `normal'
(Font)                  OT1/cmr/m/n --> OT1/lmr/m/n on input line 22.
LaTeX Font Info:    Overwriting symbol font `letters' in version `normal'
(Font)                  OML/cmm/m/it --> OML/lmm/m/it on input line 23.
LaTeX Font Info:    Overwriting symbol font `symbols' in version `normal'
(Font)                  OMS/cmsy/m/n --> OMS/lmsy/m/n on input line 24.
LaTeX Font Info:    Overwriting symbol font `largesymbols' in version `normal'
(Font)                  OMX/cmex/m/n --> OMX/lmex/m/n on input line 25.
LaTeX Font Info:    Overwriting symbol font `operators' in version `bold'
(Font)                  OT1/cmr/bx/n --> OT1/lmr/bx/n on input line 26.
LaTeX Font Info:    Overwriting symbol font `letters' in version `bold'
(Font)                  OML/cmm/b/it --> OML/lmm/b/it on input line 27.
LaTeX Font Info:    Overwriting symbol font `symbols' in version `bold'
(Font)                  OMS/cmsy/b/n --> OMS/lmsy/b/n on input line 28.
LaTeX Font Info:    Overwriting symbol font `largesymbols' in version `bold'
(Font)                  OMX/cmex/m/n --> OMX/lmex/m/n on input line 29.
LaTeX Font Info:    Overwriting math alphabet `\mathbf' in version `normal'
(Font)                  OT1/cmr/bx/n --> OT1/lmr/bx/n on input line 31.
LaTeX Font Info:    Overwriting math alphabet `\mathsf' in version `normal'
(Font)                  OT1/cmss/m/n --> OT1/lmss/m/n on input line 32.
LaTeX Font Info:    Overwriting math alphabet `\mathit' in version `normal'
(Font)                  OT1/cmr/m/it --> OT1/lmr/m/it on input line 33.
LaTeX Font Info:    Overwriting math alphabet `\mathtt' in version `normal'
(Font)                  OT1/cmtt/m/n --> OT1/lmtt/m/n on input line 34.
LaTeX Font Info:    Overwriting math alphabet `\mathbf' in version `bold'
(Font)                  OT1/cmr/bx/n --> OT1/lmr/bx/n on input line 35.
LaTeX Font Info:    Overwriting math alphabet `\mathsf' in version `bold'
(Font)                  OT1/cmss/bx/n --> OT1/lmss/bx/n on input line 36.
LaTeX Font Info:    Overwriting math alphabet `\mathit' in version `bold'
(Font)                  OT1/cmr/bx/it --> OT1/lmr/bx/it on input line 37.
LaTeX Font Info:    Overwriting math alphabet `\mathtt' in version `bold'
(Font)                  OT1/cmtt/m/n --> OT1/lmtt/m/n on input line 38.
) (/usr/share/texlive/texmf-dist/tex/latex/amsfonts/amssymb.sty
Package: amssymb 2013/01/14 v3.01 AMS font symbols
(/usr/share/texlive/texmf-dist/tex/latex/amsfonts/amsfonts.sty
Package: amsfonts 2013/01/14 v3.01 Basic AMSFonts support
\@emptytoks=\toks16
\symAMSa=\mathgroup4
\symAMSb=\mathgroup5
LaTeX Font Info:    Redeclaring math symbol \hbar on input line 98.
LaTeX Font Info:    Overwriting math alphabet `\mathfrak' in version `bold'
(Font)                  U/euf/m/n --> U/euf/b/n on input line 106.
)) (/usr/share/texlive/texmf-dist/tex/latex/amsmath/amsmath.sty
Package: amsmath 2021/10/15 v2.17l AMS math features
\@mathmargin=\skip49
For additional information on amsmath, use the `?' option.
(/usr/share/texlive/texmf-dist/tex/latex/amsmath/amstext.sty
Package: amstext 2021/08/26 v2.01 AMS text
(/usr/share/texlive/texmf-dist/tex/latex/amsmath/amsgen.sty
File: amsgen.sty 1999/11/30 v2.0 generic functions
\@emptytoks=\toks17
\ex@=\dimen139
)) (/usr/share/texlive/texmf-dist/tex/latex/amsmath/amsbsy.sty
Package: amsbsy 1999/11/29 v1.2d Bold Symbols
\pmbraise@=\dimen140
) (/usr/share/texlive/texmf-dist/tex/latex/amsmath/amsopn.sty
Package: amsopn 2021/08/26 v2.02 operator names
)
\inf@bad=\count193
LaTeX Info: Redefining \frac on input line 234.
\uproot@=\count194
\leftroot@=\count195
LaTeX Info: Redefining \overline on input line 399.
\classnum@=\count196
\DOTSCASE@=\count197
LaTeX Info: Redefining \ldots on input line 496.
LaTeX Info: Redefining \dots on input line 499.
LaTeX Info: Redefining \cdots on input line 620.
\Mathstrutbox@=\box50
\strutbox@=\box51
\big@size=\dimen141
LaTeX Font Info:    Redeclaring font encoding OML on input line 743.
LaTeX Font Info:    Redeclaring font encoding OMS on input line 744.
\macc@depth=\count198
\c@MaxMatrixCols=\count199
\dotsspace@=\muskip16
\c@parentequation=\count266
\dspbrk@lvl=\count267
\tag@help=\toks18
\row@=\count268
\column@=\count269
\maxfields@=\count270
\andhelp@=\toks19
\eqnshift@=\dimen142
\alignsep@=\dimen143
\tagshift@=\dimen144
\tagwidth@=\dimen145
\totwidth@=\dimen146
\lineht@=\dimen147
\@envbody=\toks20
\multlinegap=\skip50
\multlinetaggap=\skip51
\mathdisplay@stack=\toks21
LaTeX Info: Redefining \[ on input line 2938.
LaTeX Info: Redefining \] on input line 2939.
) (/usr/share/texlive/texmf-dist/tex/generic/iftex/ifxetex.sty
Package: ifxetex 2019/10/25 v0.7 ifxetex legacy package. Use iftex instead.
(/usr/share/texlive/texmf-dist/tex/generic/iftex/iftex.sty
Package: iftex 2020/03/06 v1.0d TeX engine tests
)) (/usr/share/texlive/texmf-dist/tex/generic/iftex/ifluatex.sty
Package: ifluatex 2019/10/25 v1.5 ifluatex legacy package. Use iftex instead.
) (/usr/share/texlive/texmf-dist/tex/latex/base/fontenc.sty
Package: fontenc 2021/04/29 v2.0v Standard LaTeX package
LaTeX Font Info:    Trying to load font information for T1+lmr on input line 11
2.
(/usr/share/texmf/tex/latex/lm/t1lmr.fd
File: t1lmr.fd 2009/10/30 v1.6 Font defs for Latin Modern
)) (/usr/share/texlive/texmf-dist/tex/latex/base/inputenc.sty
Package: inputenc 2021/02/14 v1.3d Input encoding file
\inpenc@prehook=\toks22
\inpenc@posthook=\toks23
) (/usr/share/texlive/texmf-dist/tex/latex/base/textcomp.sty
Package: textcomp 2020/02/02 v2.0n Standard LaTeX package
) (/usr/share/texlive/texmf-dist/tex/latex/upquote/upquote.sty
Package: upquote 2012/04/19 v1.3 upright-quote and grave-accent glyphs in verba
tim
) (/usr/share/texlive/texmf-dist/tex/latex/microtype/microtype.sty
Package: microtype 2021/12/10 v3.0b Micro-typographical refinements (RS)
(/usr/share/texlive/texmf-dist/tex/latex/graphics/keyval.sty
Package: keyval 2014/10/28 v1.15 key=value parser (DPC)
\KV@toks@=\toks24
) (/usr/share/texlive/texmf-dist/tex/latex/etoolbox/etoolbox.sty
Package: etoolbox 2020/10/05 v2.5k e-TeX tools for LaTeX (JAW)
\etb@tempcnta=\count271
)
\MT@toks=\toks25
\MT@count=\count272
\MT@tempbox=\box52
LaTeX Info: Redefining \leftprotrusion on input line 1010.
LaTeX Info: Redefining \rightprotrusion on input line 1018.
LaTeX Info: Redefining \textls on input line 1173.
\MT@outer@kern=\dimen148
LaTeX Info: Redefining \textmicrotypecontext on input line 1759.
\MT@listname@count=\count273
(/usr/share/texlive/texmf-dist/tex/latex/microtype/microtype-pdftex.def
File: microtype-pdftex.def 2021/12/10 v3.0b Definitions specific to pdftex (RS)

LaTeX Info: Redefining \lsstyle on input line 897.
LaTeX Info: Redefining \lslig on input line 897.
\MT@outer@space=\skip52
)
Package microtype Info: Loading configuration file microtype.cfg.
(/usr/share/texlive/texmf-dist/tex/latex/microtype/microtype.cfg
File: microtype.cfg 2021/12/10 v3.0b microtype main configuration file (RS)
)) (/usr/share/texlive/texmf-dist/tex/latex/parskip/parskip.sty
Package: parskip 2021-03-14 v2.0h non-zero parskip adjustments
(/usr/share/texlive/texmf-dist/tex/latex/kvoptions/kvoptions.sty
Package: kvoptions 2020-10-07 v3.14 Key value format for package options (HO)
(/usr/share/texlive/texmf-dist/tex/generic/ltxcmds/ltxcmds.sty
Package: ltxcmds 2020-05-10 v1.25 LaTeX kernel commands for general use (HO)
) (/usr/share/texlive/texmf-dist/tex/generic/kvsetkeys/kvsetkeys.sty
Package: kvsetkeys 2019/12/15 v1.18 Key value parser (HO)
))) (/usr/share/texlive/texmf-dist/tex/latex/xcolor/xcolor.sty
Package: xcolor 2021/10/31 v2.13 LaTeX color extensions (UK)
(/usr/share/texlive/texmf-dist/tex/latex/graphics-cfg/color.cfg
File: color.cfg 2016/01/02 v1.6 sample color configuration
)
Package xcolor Info: Driver file: pdftex.def on input line 227.
(/usr/share/texlive/texmf-dist/tex/latex/graphics-def/pdftex.def
File: pdftex.def 2020/10/05 v1.2a Graphics/color driver for pdftex
)
Package xcolor Info: Model `cmy' substituted by `cmy0' on input line 1352.
Package xcolor Info: Model `hsb' substituted by `rgb' on input line 1356.
Package xcolor Info: Model `RGB' extended on input line 1368.
Package xcolor Info: Model `HTML' substituted by `rgb' on input line 1370.
Package xcolor Info: Model `Hsb' substituted by `hsb' on input line 1371.
Package xcolor Info: Model `tHsb' substituted by `hsb' on input line 1372.
Package xcolor Info: Model `HSB' substituted by `hsb' on input line 1373.
Package xcolor Info: Model `Gray' substituted by `gray' on input line 1374.
Package xcolor Info: Model `wave' substituted by `hsb' on input line 1375.
) (/usr/share/texlive/texmf-dist/tex/latex/xurl/xurl.sty
Package: xurl 2022/01/09 v 0.10 modify URL breaks
(/usr/share/texlive/texmf-dist/tex/latex/url/url.sty
\Urlmuskip=\muskip17
Package: url 2013/09/16  ver 3.4  Verb mode for urls, etc.
)) (/usr/share/texlive/texmf-dist/tex/latex/bookmark/bookmark.sty
Package: bookmark 2020-11-06 v1.29 PDF bookmarks (HO)
(/usr/share/texlive/texmf-dist/tex/latex/hyperref/hyperref.sty
Package: hyperref 2021-06-07 v7.00m Hypertext links for LaTeX
(/usr/share/texlive/texmf-dist/tex/generic/pdftexcmds/pdftexcmds.sty
Package: pdftexcmds 2020-06-27 v0.33 Utility functions of pdfTeX for LuaTeX (HO
)
(/usr/share/texlive/texmf-dist/tex/generic/infwarerr/infwarerr.sty
Package: infwarerr 2019/12/03 v1.5 Providing info/warning/error messages (HO)
)
Package pdftexcmds Info: \pdf@primitive is available.
Package pdftexcmds Info: \pdf@ifprimitive is available.
Package pdftexcmds Info: \pdfdraftmode found.
) (/usr/share/texlive/texmf-dist/tex/generic/kvdefinekeys/kvdefinekeys.sty
Package: kvdefinekeys 2019-12-19 v1.6 Define keys (HO)
) (/usr/share/texlive/texmf-dist/tex/generic/pdfescape/pdfescape.sty
Package: pdfescape 2019/12/09 v1.15 Implements pdfTeX's escape features (HO)
) (/usr/share/texlive/texmf-dist/tex/latex/hycolor/hycolor.sty
Package: hycolor 2020-01-27 v1.10 Color options for hyperref/bookmark (HO)
) (/usr/share/texlive/texmf-dist/tex/latex/letltxmacro/letltxmacro.sty
Package: letltxmacro 2019/12/03 v1.6 Let assignment for LaTeX macros (HO)
) (/usr/share/texlive/texmf-dist/tex/latex/auxhook/auxhook.sty
Package: auxhook 2019-12-17 v1.6 Hooks for auxiliary files (HO)
)
\@linkdim=\dimen149
\Hy@linkcounter=\count274
\Hy@pagecounter=\count275
(/usr/share/texlive/texmf-dist/tex/latex/hyperref/pd1enc.def
File: pd1enc.def 2021-06-07 v7.00m Hyperref: PDFDocEncoding definition (HO)
Now handling font encoding PD1 ...
... no UTF-8 mapping file for font encoding PD1
) (/usr/share/texlive/texmf-dist/tex/latex/hyperref/hyperref-langpatches.def
File: hyperref-langpatches.def 2021-06-07 v7.00m Hyperref: patches for babel la
nguages
) (/usr/share/texlive/texmf-dist/tex/generic/intcalc/intcalc.sty
Package: intcalc 2019/12/15 v1.3 Expandable calculations with integers (HO)
) (/usr/share/texlive/texmf-dist/tex/generic/etexcmds/etexcmds.sty
Package: etexcmds 2019/12/15 v1.7 Avoid name clashes with e-TeX commands (HO)
)
\Hy@SavedSpaceFactor=\count276
(/usr/share/texlive/texmf-dist/tex/latex/hyperref/puenc.def
File: puenc.def 2021-06-07 v7.00m Hyperref: PDF Unicode definition (HO)
Now handling font encoding PU ...
... no UTF-8 mapping file for font encoding PU
)
Package hyperref Info: Option `unicode' set `true' on input line 4073.
Package hyperref Info: Hyper figures OFF on input line 4192.
Package hyperref Info: Link nesting OFF on input line 4197.
Package hyperref Info: Hyper index ON on input line 4200.
Package hyperref Info: Plain pages OFF on input line 4207.
Package hyperref Info: Backreferencing OFF on input line 4212.
Package hyperref Info: Implicit mode ON; LaTeX internals redefined.
Package hyperref Info: Bookmarks ON on input line 4445.
\c@Hy@tempcnt=\count277
LaTeX Info: Redefining \url on input line 4804.
\XeTeXLinkMargin=\dimen150
(/usr/share/texlive/texmf-dist/tex/generic/bitset/bitset.sty
Package: bitset 2019/12/09 v1.3 Handle bit-vector datatype (HO)
(/usr/share/texlive/texmf-dist/tex/generic/bigintcalc/bigintcalc.sty
Package: bigintcalc 2019/12/15 v1.5 Expandable calculations on big integers (HO
)
))
\Fld@menulength=\count278
\Field@Width=\dimen151
\Fld@charsize=\dimen152
Package hyperref Info: Hyper figures OFF on input line 6076.
Package hyperref Info: Link nesting OFF on input line 6081.
Package hyperref Info: Hyper index ON on input line 6084.
Package hyperref Info: backreferencing OFF on input line 6091.
Package hyperref Info: Link coloring OFF on input line 6096.
Package hyperref Info: Link coloring with OCG OFF on input line 6101.
Package hyperref Info: PDF/A mode OFF on input line 6106.
LaTeX Info: Redefining \ref on input line 6146.
LaTeX Info: Redefining \pageref on input line 6150.
(/usr/share/texlive/texmf-dist/tex/latex/base/atbegshi-ltx.sty
Package: atbegshi-ltx 2021/01/10 v1.0c Emulation of the original atbegshi
package with kernel methods
)
\Hy@abspage=\count279
\c@Item=\count280
\c@Hfootnote=\count281
)
Package hyperref Info: Driver (autodetected): hpdftex.
(/usr/share/texlive/texmf-dist/tex/latex/hyperref/hpdftex.def
File: hpdftex.def 2021-06-07 v7.00m Hyperref driver for pdfTeX
(/usr/share/texlive/texmf-dist/tex/latex/base/atveryend-ltx.sty
Package: atveryend-ltx 2020/08/19 v1.0a Emulation of the original atveryend pac
kage
with kernel methods
)
\Fld@listcount=\count282
\c@bookmark@seq@number=\count283
(/usr/share/texlive/texmf-dist/tex/latex/rerunfilecheck/rerunfilecheck.sty
Package: rerunfilecheck 2019/12/05 v1.9 Rerun checks for auxiliary files (HO)
(/usr/share/texlive/texmf-dist/tex/generic/uniquecounter/uniquecounter.sty
Package: uniquecounter 2019/12/15 v1.4 Provide unlimited unique counter (HO)
)
Package uniquecounter Info: New unique counter `rerunfilecheck' on input line 2
86.
)
\Hy@SectionHShift=\skip53
) (/usr/share/texlive/texmf-dist/tex/latex/bookmark/bkm-pdftex.def
File: bkm-pdftex.def 2020-11-06 v1.29 bookmark driver for pdfTeX (HO)
\BKM@id=\count284
)) (/usr/share/texlive/texmf-dist/tex/latex/geometry/geometry.sty
Package: geometry 2020/01/02 v5.9 Page Geometry
(/usr/share/texlive/texmf-dist/tex/generic/iftex/ifvtex.sty
Package: ifvtex 2019/10/25 v1.7 ifvtex legacy package. Use iftex instead.
)
\Gm@cnth=\count285
\Gm@cntv=\count286
\c@Gm@tempcnt=\count287
\Gm@bindingoffset=\dimen153
\Gm@wd@mp=\dimen154
\Gm@odd@mp=\dimen155
\Gm@even@mp=\dimen156
\Gm@layoutwidth=\dimen157
\Gm@layoutheight=\dimen158
\Gm@layouthoffset=\dimen159
\Gm@layoutvoffset=\dimen160
\Gm@dimlist=\toks26
) (/usr/share/texlive/texmf-dist/tex/latex/fancyvrb/fancyvrb.sty
Package: fancyvrb 2021/12/21 4.1b verbatim text (tvz,hv)
\FV@CodeLineNo=\count288
\FV@InFile=\read2
\FV@TabBox=\box53
\c@FancyVerbLine=\count289
\FV@StepNumber=\count290
\FV@OutFile=\write3
) (/usr/share/texlive/texmf-dist/tex/latex/framed/framed.sty
Package: framed 2011/10/22 v 0.96: framed or shaded text with page breaks
\OuterFrameSep=\skip54
\fb@frw=\dimen161
\fb@frh=\dimen162
\FrameRule=\dimen163
\FrameSep=\dimen164
) (/usr/share/texlive/texmf-dist/tex/latex/tools/longtable.sty
Package: longtable 2021-09-01 v4.17 Multi-page Table package (DPC)
\LTleft=\skip55
\LTright=\skip56
\LTpre=\skip57
\LTpost=\skip58
\LTchunksize=\count291
\LTcapwidth=\dimen165
\LT@head=\box54
\LT@firsthead=\box55
\LT@foot=\box56
\LT@lastfoot=\box57
\LT@gbox=\box58
\LT@cols=\count292
\LT@rows=\count293
\c@LT@tables=\count294
\c@LT@chunks=\count295
\LT@p@ftn=\toks27
) (/usr/share/texlive/texmf-dist/tex/latex/booktabs/booktabs.sty
Package: booktabs 2020/01/12 v1.61803398 Publication quality tables
\heavyrulewidth=\dimen166
\lightrulewidth=\dimen167
\cmidrulewidth=\dimen168
\belowrulesep=\dimen169
\belowbottomsep=\dimen170
\aboverulesep=\dimen171
\abovetopsep=\dimen172
\cmidrulesep=\dimen173
\cmidrulekern=\dimen174
\defaultaddspace=\dimen175
\@cmidla=\count296
\@cmidlb=\count297
\@aboverulesep=\dimen176
\@belowrulesep=\dimen177
\@thisruleclass=\count298
\@lastruleclass=\count299
\@thisrulewidth=\dimen178
) (/usr/share/texlive/texmf-dist/tex/latex/footnotehyper/footnotehyper.sty
Package: footnotehyper 2021/08/13 v1.1e hyperref aware footnote.sty (JFB)
\FNH@notes=\box59
\FNH@width=\dimen179
\FNH@toks=\toks28
) (/usr/share/texlive/texmf-dist/tex/latex/graphics/graphicx.sty
Package: graphicx 2021/09/16 v1.2d Enhanced LaTeX Graphics (DPC,SPQR)
(/usr/share/texlive/texmf-dist/tex/latex/graphics/graphics.sty
Package: graphics 2021/03/04 v1.4d Standard LaTeX Graphics (DPC,SPQR)
(/usr/share/texlive/texmf-dist/tex/latex/graphics/trig.sty
Package: trig 2021/08/11 v1.11 sin cos tan (DPC)
) (/usr/share/texlive/texmf-dist/tex/latex/graphics-cfg/graphics.cfg
File: graphics.cfg 2016/06/04 v1.11 sample graphics configuration
)
Package graphics Info: Driver file: pdftex.def on input line 107.
)
\Gin@req@height=\dimen180
\Gin@req@width=\dimen181
) (/usr/share/texlive/texmf-dist/tex/latex/l3backend/l3backend-pdftex.def
File: l3backend-pdftex.def 2022-01-12 L3 backend support: PDF output (pdfTeX)
\l__color_backend_stack_int=\count300
\l__pdf_internal_box=\box60
) (./extra.aux)
\openout1 = `extra.aux'.

LaTeX Font Info:    Checking defaults for OML/cmm/m/it on input line 115.
LaTeX Font Info:    ... okay on input line 115.
LaTeX Font Info:    Checking defaults for OMS/cmsy/m/n on input line 115.
LaTeX Font Info:    ... okay on input line 115.
LaTeX Font Info:    Checking defaults for OT1/cmr/m/n on input line 115.
LaTeX Font Info:    ... okay on input line 115.
LaTeX Font Info:    Checking defaults for T1/cmr/m/n on input line 115.
LaTeX Font Info:    ... okay on input line 115.
LaTeX Font Info:    Checking defaults for TS1/cmr/m/n on input line 115.
LaTeX Font Info:    ... okay on input line 115.
LaTeX Font Info:    Checking defaults for OMX/cmex/m/n on input line 115.
LaTeX Font Info:    ... okay on input line 115.
LaTeX Font Info:    Checking defaults for U/cmr/m/n on input line 115.
LaTeX Font Info:    ... okay on input line 115.
LaTeX Font Info:    Checking defaults for PD1/pdf/m/n on input line 115.
LaTeX Font Info:    ... okay on input line 115.
LaTeX Font Info:    Checking defaults for PU/pdf/m/n on input line 115.
LaTeX Font Info:    ... okay on input line 115.
LaTeX Info: Redefining \microtypecontext on input line 115.
Package microtype Info: Applying patch `item' on input line 115.
Package microtype Info: Applying patch `toc' on input line 115.
Package microtype Info: Applying patch `eqnum' on input line 115.
Package microtype Info: Applying patch `footnote' on input line 115.
Package microtype Info: Generating PDF output.
Package microtype Info: Character protrusion enabled (level 2).
Package microtype Info: Using protrusion set `basicmath'.
Package microtype Info: Automatic font expansion enabled (level 2),
(microtype)             stretch: 20, shrink: 20, step: 1, non-selected.
Package microtype Info: Using default expansion set `alltext-nott'.
LaTeX Info: Redefining \showhyphens on input line 115.
Package microtype Info: No adjustment of tracking.
Package microtype Info: No adjustment of interword spacing.
Package microtype Info: No adjustment of character kerning.
(/usr/share/texlive/texmf-dist/tex/latex/microtype/mt-cmr.cfg
File: mt-cmr.cfg 2013/05/19 v2.2 microtype config. file: Computer Modern Roman 
(RS)
) (/usr/share/texlive/texmf-dist/tex/context/base/mkii/supp-pdf.mkii
[Loading MPS to PDF converter (version 2006.09.02).]
\scratchcounter=\count301
\scratchdimen=\dimen182
\scratchbox=\box61
\nofMPsegments=\count302
\nofMParguments=\count303
\everyMPshowfont=\toks29
\MPscratchCnt=\count304
\MPscratchDim=\dimen183
\MPnumerator=\count305
\makeMPintoPDFobject=\count306
\everyMPtoPDFconversion=\toks30
) (/usr/share/texlive/texmf-dist/tex/latex/epstopdf-pkg/epstopdf-base.sty
Package: epstopdf-base 2020-01-24 v2.11 Base part for package epstopdf
Package epstopdf-base Info: Redefining graphics rule for `.eps' on input line 4
85.
(/usr/share/texlive/texmf-dist/tex/latex/latexconfig/epstopdf-sys.cfg
File: epstopdf-sys.cfg 2010/07/13 v1.3 Configuration of (r)epstopdf for TeX Liv
e
))
Package hyperref Info: Link coloring OFF on input line 115.
(/usr/share/texlive/texmf-dist/tex/latex/hyperref/nameref.sty
Package: nameref 2021-04-02 v2.47 Cross-referencing by name of section
(/usr/share/texlive/texmf-dist/tex/latex/refcount/refcount.sty
Package: refcount 2019/12/15 v3.6 Data extraction from label references (HO)
) (/usr/share/texlive/texmf-dist/tex/generic/gettitlestring/gettitlestring.sty
Package: gettitlestring 2019/12/15 v1.6 Cleanup title references (HO)
)
\c@section@level=\count307
)
LaTeX Info: Redefining \ref on input line 115.
LaTeX Info: Redefining \pageref on input line 115.
LaTeX Info: Redefining \nameref on input line 115.
*geometry* driver: auto-detecting
*geometry* detected driver: pdftex
*geometry* verbose mode - [ preamble ] result:
* driver: pdftex
* paper: <default>
* layout: <same size as paper>
* layoutoffset:(h,v)=(0.0pt,0.0pt)
* modes: 
* h-part:(L,W,R)=(72.26999pt, 469.75502pt, 72.26999pt)
* v-part:(T,H,B)=(72.26999pt, 650.43001pt, 72.26999pt)
* \paperwidth=614.295pt
* \paperheight=794.96999pt
* \textwidth=469.75502pt
* \textheight=650.43001pt
* \oddsidemargin=0.0pt
* \evensidemargin=0.0pt
* \topmargin=-37.0pt
* \headheight=12.0pt
* \headsep=25.0pt
* \topskip=10.0pt
* \footskip=30.0pt
* \marginparwidth=65.0pt
* \marginparsep=11.0pt
* \columnsep=10.0pt
* \skip\footins=9.0pt plus 4.0pt minus 2.0pt
* \hoffset=0.0pt
* \voffset=0.0pt
* \mag=1000
* \@twocolumnfalse
* \@twosidefalse
* \@mparswitchfalse
* \@reversemarginfalse
* (1in=72.27pt=25.4mm, 1cm=28.453pt)

LaTeX Font Info:    Trying to load font information for OT1+lmr on input line 1
17.
(/usr/share/texmf/tex/latex/lm/ot1lmr.fd
File: ot1lmr.fd 2009/10/30 v1.6 Font defs for Latin Modern
)
LaTeX Font Info:    Trying to load font information for OML+lmm on input line 1
17.
(/usr/share/texmf/tex/latex/lm/omllmm.fd
File: omllmm.fd 2009/10/30 v1.6 Font defs for Latin Modern
)
LaTeX Font Info:    Trying to load font information for OMS+lmsy on input line 
117.
(/usr/share/texmf/tex/latex/lm/omslmsy.fd
File: omslmsy.fd 2009/10/30 v1.6 Font defs for Latin Modern
)
LaTeX Font Info:    Trying to load font information for OMX+lmex on input line 
117.
(/usr/share/texmf/tex/latex/lm/omxlmex.fd
File: omxlmex.fd 2009/10/30 v1.6 Font defs for Latin Modern
)
LaTeX Font Info:    External font `lmex10' loaded for size
(Font)              <12> on input line 117.
LaTeX Font Info:    External font `lmex10' loaded for size
(Font)              <8> on input line 117.
LaTeX Font Info:    External font `lmex10' loaded for size
(Font)              <6> on input line 117.
LaTeX Font Info:    Trying to load font information for U+msa on input line 117
.
(/usr/share/texlive/texmf-dist/tex/latex/amsfonts/umsa.fd
File: umsa.fd 2013/01/14 v3.01 AMS symbols A
) (/usr/share/texlive/texmf-dist/tex/latex/microtype/mt-msa.cfg
File: mt-msa.cfg 2006/02/04 v1.1 microtype config. file: AMS symbols (a) (RS)
)
LaTeX Font Info:    Trying to load font information for U+msb on input line 117
.
(/usr/share/texlive/texmf-dist/tex/latex/amsfonts/umsb.fd
File: umsb.fd 2013/01/14 v3.01 AMS symbols B
) (/usr/share/texlive/texmf-dist/tex/latex/microtype/mt-msb.cfg
File: mt-msb.cfg 2005/06/01 v1.0 microtype config. file: AMS symbols (b) (RS)
)
LaTeX Font Info:    Trying to load font information for T1+lmtt on input line 1
26.
(/usr/share/texmf/tex/latex/lm/t1lmtt.fd
File: t1lmtt.fd 2009/10/30 v1.6 Font defs for Latin Modern
) [1

{/var/lib/texmf/fonts/map/pdftex/updmap/pdftex.map}]
LaTeX Font Info:    External font `lmex10' loaded for size
(Font)              <10> on input line 142.
LaTeX Font Info:    External font `lmex10' loaded for size
(Font)              <7> on input line 142.
LaTeX Font Info:    External font `lmex10' loaded for size
(Font)              <5> on input line 142.
LaTeX Font Info:    Font shape `T1/lmtt/bx/n' in size <10> not available
(Font)              Font shape `T1/lmtt/b/n' tried instead on input line 148.
LaTeX Font Info:    Trying to load font information for TS1+lmtt on input line 
175.
(/usr/share/texmf/tex/latex/lm/ts1lmtt.fd
File: ts1lmtt.fd 2009/10/30 v1.6 Font defs for Latin Modern
)
</home/pvermees/Desktop/GEOL0061/extra_files/figure-latex/unnamed-chunk-2-1.pdf
, id=13, 326.21875pt x 285.065pt>
File: /home/pvermees/Desktop/GEOL0061/extra_files/figure-latex/unnamed-chunk-2-
1.pdf Graphic file (type pdf)
<use /home/pvermees/Desktop/GEOL0061/extra_files/figure-latex/unnamed-chunk-2-1
.pdf>
Package pdftex.def Info: /home/pvermees/Desktop/GEOL0061/extra_files/figure-lat
ex/unnamed-chunk-2-1.pdf  used on input line 179.
(pdftex.def)             Requested size: 222.3833pt x 194.3288pt.
</home/pvermees/Desktop/GEOL0061/extra_files/figure-latex/unnamed-chunk-3-1.pdf
, id=16, 326.21875pt x 285.065pt>
File: /home/pvermees/Desktop/GEOL0061/extra_files/figure-latex/unnamed-chunk-3-
1.pdf Graphic file (type pdf)
<use /home/pvermees/Desktop/GEOL0061/extra_files/figure-latex/unnamed-chunk-3-1
.pdf>
Package pdftex.def Info: /home/pvermees/Desktop/GEOL0061/extra_files/figure-lat
ex/unnamed-chunk-3-1.pdf  used on input line 197.
(pdftex.def)             Requested size: 222.3833pt x 194.3288pt.
[2

 </home/pvermees/Desktop/GEOL0061/extra_files/figure-latex/unnamed-chunk-2-1.pd
f>] [3 </home/pvermees/Desktop/GEOL0061/extra_files/figure-latex/unnamed-chunk-
3-1.pdf>]
</home/pvermees/Desktop/GEOL0061/extra_files/figure-latex/diffusion-1.pdf, id=5
4, 339.2675pt x 339.2675pt>
File: /home/pvermees/Desktop/GEOL0061/extra_files/figure-latex/diffusion-1.pdf 
Graphic file (type pdf)
<use /home/pvermees/Desktop/GEOL0061/extra_files/figure-latex/diffusion-1.pdf>
Package pdftex.def Info: /home/pvermees/Desktop/GEOL0061/extra_files/figure-lat
ex/diffusion-1.pdf  used on input line 244.
(pdftex.def)             Requested size: 222.37454pt x 222.37454pt.
</home/pvermees/Desktop/GEOL0061/extra_files/figure-latex/marginals-1.pdf, id=5
5, 339.2675pt x 336.25626pt>
File: /home/pvermees/Desktop/GEOL0061/extra_files/figure-latex/marginals-1.pdf 
Graphic file (type pdf)
<use /home/pvermees/Desktop/GEOL0061/extra_files/figure-latex/marginals-1.pdf>
Package pdftex.def Info: /home/pvermees/Desktop/GEOL0061/extra_files/figure-lat
ex/marginals-1.pdf  used on input line 267.
(pdftex.def)             Requested size: 222.37454pt x 220.40082pt.
[4

 </home/pvermees/Desktop/GEOL0061/extra_files/figure-latex/diffusion-1.pdf>]
</home/pvermees/Desktop/GEOL0061/extra_files/figure-latex/marginals-2.pdf, id=7
2, 339.2675pt x 337.26pt>
File: /home/pvermees/Desktop/GEOL0061/extra_files/figure-latex/marginals-2.pdf 
Graphic file (type pdf)
<use /home/pvermees/Desktop/GEOL0061/extra_files/figure-latex/marginals-2.pdf>
Package pdftex.def Info: /home/pvermees/Desktop/GEOL0061/extra_files/figure-lat
ex/marginals-2.pdf  used on input line 280.
(pdftex.def)             Requested size: 222.37454pt x 221.05872pt.
</home/pvermees/Desktop/GEOL0061/extra_files/figure-latex/kde2d-1.pdf, id=73, 3
39.2675pt x 339.2675pt>
File: /home/pvermees/Desktop/GEOL0061/extra_files/figure-latex/kde2d-1.pdf Grap
hic file (type pdf)
<use /home/pvermees/Desktop/GEOL0061/extra_files/figure-latex/kde2d-1.pdf>
Package pdftex.def Info: /home/pvermees/Desktop/GEOL0061/extra_files/figure-lat
ex/kde2d-1.pdf  used on input line 298.
(pdftex.def)             Requested size: 222.37454pt x 222.37454pt.
[5 </home/pvermees/Desktop/GEOL0061/extra_files/figure-latex/marginals-1.pdf> <
/home/pvermees/Desktop/GEOL0061/extra_files/figure-latex/marginals-2.pdf>] [6 <
/home/pvermees/Desktop/GEOL0061/extra_files/figure-latex/kde2d-1.pdf>]
</home/pvermees/Desktop/GEOL0061/extra_files/figure-latex/unnamed-chunk-4-1.pdf
, id=104, 689.57625pt x 287.0725pt>
File: /home/pvermees/Desktop/GEOL0061/extra_files/figure-latex/unnamed-chunk-4-
1.pdf Graphic file (type pdf)
<use /home/pvermees/Desktop/GEOL0061/extra_files/figure-latex/unnamed-chunk-4-1
.pdf>
Package pdftex.def Info: /home/pvermees/Desktop/GEOL0061/extra_files/figure-lat
ex/unnamed-chunk-4-1.pdf  used on input line 316.
(pdftex.def)             Requested size: 429.65831pt x 178.86794pt.
</home/pvermees/Desktop/GEOL0061/extra_files/figure-latex/unnamed-chunk-5-1.pdf
, id=105, 689.57625pt x 287.0725pt>
File: /home/pvermees/Desktop/GEOL0061/extra_files/figure-latex/unnamed-chunk-5-
1.pdf Graphic file (type pdf)
<use /home/pvermees/Desktop/GEOL0061/extra_files/figure-latex/unnamed-chunk-5-1
.pdf>
Package pdftex.def Info: /home/pvermees/Desktop/GEOL0061/extra_files/figure-lat
ex/unnamed-chunk-5-1.pdf  used on input line 336.
(pdftex.def)             Requested size: 429.65831pt x 178.86794pt.

Underfull \hbox (badness 10000) in paragraph at lines 336--342
[][]
 []

</home/pvermees/Desktop/GEOL0061/extra_files/figure-latex/unnamed-chunk-6-1.pdf
, id=106, 382.42876pt x 219.82124pt>
File: /home/pvermees/Desktop/GEOL0061/extra_files/figure-latex/unnamed-chunk-6-
1.pdf Graphic file (type pdf)
<use /home/pvermees/Desktop/GEOL0061/extra_files/figure-latex/unnamed-chunk-6-1
.pdf>
Package pdftex.def Info: /home/pvermees/Desktop/GEOL0061/extra_files/figure-lat
ex/unnamed-chunk-6-1.pdf  used on input line 360.
(pdftex.def)             Requested size: 222.38069pt x 127.8251pt.
[7

 </home/pvermees/Desktop/GEOL0061/extra_files/figure-latex/unnamed-chunk-4-1.pd
f> </home/pvermees/Desktop/GEOL0061/extra_files/figure-latex/unnamed-chunk-5-1.
pdf>] [8 </home/pvermees/Desktop/GEOL0061/extra_files/figure-latex/unnamed-chun
k-6-1.pdf>] [9

]
</home/pvermees/Desktop/GEOL0061/extra_files/figure-latex/unnamed-chunk-7-1.pdf
, id=152, 393.47pt x 226.8475pt>
File: /home/pvermees/Desktop/GEOL0061/extra_files/figure-latex/unnamed-chunk-7-
1.pdf Graphic file (type pdf)
<use /home/pvermees/Desktop/GEOL0061/extra_files/figure-latex/unnamed-chunk-7-1
.pdf>
Package pdftex.def Info: /home/pvermees/Desktop/GEOL0061/extra_files/figure-lat
ex/unnamed-chunk-7-1.pdf  used on input line 486.
(pdftex.def)             Requested size: 177.8944pt x 102.56155pt.
[10

 </home/pvermees/Desktop/GEOL0061/extra_files/figure-latex/unnamed-chunk-7-1.pd
f>] [11]

Package amsmath Warning: Foreign command \atopwithdelims;
(amsmath)                \frac or \genfrac should be used instead
(amsmath)                 on input line 560.

[12

] [13

] [14]
LaTeX Font Info:    Trying to load font information for TS1+lmr on input line 7
79.
(/usr/share/texmf/tex/latex/lm/ts1lmr.fd
File: ts1lmr.fd 2009/10/30 v1.6 Font defs for Latin Modern
) [15

] [16

] [17

]
</home/pvermees/Desktop/GEOL0061/extra_files/figure-latex/unnamed-chunk-12-1.pd
f, id=234, 400.49625pt x 288.07625pt>
File: /home/pvermees/Desktop/GEOL0061/extra_files/figure-latex/unnamed-chunk-12
-1.pdf Graphic file (type pdf)
<use /home/pvermees/Desktop/GEOL0061/extra_files/figure-latex/unnamed-chunk-12-
1.pdf>
Package pdftex.def Info: /home/pvermees/Desktop/GEOL0061/extra_files/figure-lat
ex/unnamed-chunk-12-1.pdf  used on input line 1190.
(pdftex.def)             Requested size: 311.34694pt x 223.9513pt.
[18

] [19 </home/pvermees/Desktop/GEOL0061/extra_files/figure-latex/unnamed-chunk-1
2-1.pdf>] [20

]
Overfull \hbox (8.55168pt too wide) detected at line 1347
\OML/lmm/m/it/10 w \OT1/lmr/m/n/10 = [] = 0\OML/lmm/m/it/10 :\OT1/lmr/m/n/10 06
4
 []


Overfull \hbox (8.55168pt too wide) detected at line 1355
\OML/lmm/m/it/10 w \OT1/lmr/m/n/10 = [] = 0\OML/lmm/m/it/10 :\OT1/lmr/m/n/10 02
5
 []


Overfull \hbox (13.55168pt too wide) detected at line 1362
\OML/lmm/m/it/10 w \OT1/lmr/m/n/10 = [] = 0\OML/lmm/m/it/10 :\OT1/lmr/m/n/10 10

 []


Overfull \hbox (3.55168pt too wide) detected at line 1369
\OML/lmm/m/it/10 w \OT1/lmr/m/n/10 = [] = 0\OML/lmm/m/it/10 :\OT1/lmr/m/n/10 14

 []

[21

]
</home/pvermees/Desktop/GEOL0061/extra_files/figure-latex/unnamed-chunk-14-1.pd
f, id=274, 400.49625pt x 357.335pt>
File: /home/pvermees/Desktop/GEOL0061/extra_files/figure-latex/unnamed-chunk-14
-1.pdf Graphic file (type pdf)
<use /home/pvermees/Desktop/GEOL0061/extra_files/figure-latex/unnamed-chunk-14-
1.pdf>
Package pdftex.def Info: /home/pvermees/Desktop/GEOL0061/extra_files/figure-lat
ex/unnamed-chunk-14-1.pdf  used on input line 1407.
(pdftex.def)             Requested size: 222.38193pt x 198.41595pt.
[22 </home/pvermees/Desktop/GEOL0061/extra_files/figure-latex/unnamed-chunk-14-
1.pdf>]
</home/pvermees/Desktop/GEOL0061/extra_files/figure-latex/unnamed-chunk-16-1.pd
f, id=287, 371.3875pt x 255.95625pt>
File: /home/pvermees/Desktop/GEOL0061/extra_files/figure-latex/unnamed-chunk-16
-1.pdf Graphic file (type pdf)
<use /home/pvermees/Desktop/GEOL0061/extra_files/figure-latex/unnamed-chunk-16-
1.pdf>
Package pdftex.def Info: /home/pvermees/Desktop/GEOL0061/extra_files/figure-lat
ex/unnamed-chunk-16-1.pdf  used on input line 1471.
(pdftex.def)             Requested size: 266.86043pt x 183.91731pt.
[23

 </home/pvermees/Desktop/GEOL0061/extra_files/figure-latex/unnamed-chunk-16-1.p
df>] [24]
<rivera.jpg, id=308, 398.48875pt x 401.5pt>
File: rivera.jpg Graphic file (type jpg)
<use rivera.jpg>
Package pdftex.def Info: rivera.jpg  used on input line 1509.
(pdftex.def)             Requested size: 164.41512pt x 165.65755pt.

Underfull \hbox (badness 10000) in paragraph at lines 1509--1510

 []

<rivera.pdf, id=309, 270.1639pt x 148.74625pt>
File: rivera.pdf Graphic file (type pdf)
<use rivera.pdf>
Package pdftex.def Info: rivera.pdf  used on input line 1519.
(pdftex.def)             Requested size: 187.90144pt x 103.45436pt.
</home/pvermees/Desktop/GEOL0061/extra_files/figure-latex/unnamed-chunk-17-1.pd
f, id=311, 398.48875pt x 285.065pt>
File: /home/pvermees/Desktop/GEOL0061/extra_files/figure-latex/unnamed-chunk-17
-1.pdf Graphic file (type pdf)
<use /home/pvermees/Desktop/GEOL0061/extra_files/figure-latex/unnamed-chunk-17-
1.pdf>
Package pdftex.def Info: /home/pvermees/Desktop/GEOL0061/extra_files/figure-lat
ex/unnamed-chunk-17-1.pdf  used on input line 1550.
(pdftex.def)             Requested size: 266.86447pt x 190.90556pt.
[25

 <./rivera.jpg> <./rivera.pdf>]
</home/pvermees/Desktop/GEOL0061/extra_files/figure-latex/unnamed-chunk-18-1.pd
f, id=354, 400.49625pt x 298.11375pt>
File: /home/pvermees/Desktop/GEOL0061/extra_files/figure-latex/unnamed-chunk-18
-1.pdf Graphic file (type pdf)
<use /home/pvermees/Desktop/GEOL0061/extra_files/figure-latex/unnamed-chunk-18-
1.pdf>
Package pdftex.def Info: /home/pvermees/Desktop/GEOL0061/extra_files/figure-lat
ex/unnamed-chunk-18-1.pdf  used on input line 1590.
(pdftex.def)             Requested size: 266.87054pt x 198.648pt.
[26 </home/pvermees/Desktop/GEOL0061/extra_files/figure-latex/unnamed-chunk-17-
1.pdf>] [27 </home/pvermees/Desktop/GEOL0061/extra_files/figure-latex/unnamed-c
hunk-18-1.pdf>]
</home/pvermees/Desktop/GEOL0061/extra_files/figure-latex/unnamed-chunk-20-1.pd
f, id=379, 311.1625pt x 310.15875pt>
File: /home/pvermees/Desktop/GEOL0061/extra_files/figure-latex/unnamed-chunk-20
-1.pdf Graphic file (type pdf)
<use /home/pvermees/Desktop/GEOL0061/extra_files/figure-latex/unnamed-chunk-20-
1.pdf>
Package pdftex.def Info: /home/pvermees/Desktop/GEOL0061/extra_files/figure-lat
ex/unnamed-chunk-20-1.pdf  used on input line 1686.
(pdftex.def)             Requested size: 222.37979pt x 221.66243pt.
[28

]
</home/pvermees/Desktop/GEOL0061/extra_files/figure-latex/unnamed-chunk-21-1.pd
f, id=388, 328.22626pt x 287.0725pt>
File: /home/pvermees/Desktop/GEOL0061/extra_files/figure-latex/unnamed-chunk-21
-1.pdf Graphic file (type pdf)
<use /home/pvermees/Desktop/GEOL0061/extra_files/figure-latex/unnamed-chunk-21-
1.pdf>
Package pdftex.def Info: /home/pvermees/Desktop/GEOL0061/extra_files/figure-lat
ex/unnamed-chunk-21-1.pdf  used on input line 1699.
(pdftex.def)             Requested size: 222.37955pt x 194.49709pt.
</home/pvermees/Desktop/GEOL0061/extra_files/figure-latex/unnamed-chunk-22-1.pd
f, id=389, 328.22626pt x 287.0725pt>
File: /home/pvermees/Desktop/GEOL0061/extra_files/figure-latex/unnamed-chunk-22
-1.pdf Graphic file (type pdf)
<use /home/pvermees/Desktop/GEOL0061/extra_files/figure-latex/unnamed-chunk-22-
1.pdf>
Package pdftex.def Info: /home/pvermees/Desktop/GEOL0061/extra_files/figure-lat
ex/unnamed-chunk-22-1.pdf  used on input line 1713.
(pdftex.def)             Requested size: 222.37955pt x 194.49709pt.
[29 </home/pvermees/Desktop/GEOL0061/extra_files/figure-latex/unnamed-chunk-20-
1.pdf> </home/pvermees/Desktop/GEOL0061/extra_files/figure-latex/unnamed-chunk-
21-1.pdf>]
</home/pvermees/Desktop/GEOL0061/extra_files/figure-latex/unnamed-chunk-23-1.pd
f, id=410, 320.19624pt x 336.25626pt>
File: /home/pvermees/Desktop/GEOL0061/extra_files/figure-latex/unnamed-chunk-23
-1.pdf Graphic file (type pdf)
<use /home/pvermees/Desktop/GEOL0061/extra_files/figure-latex/unnamed-chunk-23-
1.pdf>
Package pdftex.def Info: /home/pvermees/Desktop/GEOL0061/extra_files/figure-lat
ex/unnamed-chunk-23-1.pdf  used on input line 1725.
(pdftex.def)             Requested size: 222.38184pt x 233.5358pt.
[30 </home/pvermees/Desktop/GEOL0061/extra_files/figure-latex/unnamed-chunk-22-
1.pdf> </home/pvermees/Desktop/GEOL0061/extra_files/figure-latex/unnamed-chunk-
23-1.pdf>]
</home/pvermees/Desktop/GEOL0061/extra_files/figure-latex/unnamed-chunk-24-1.pd
f, id=432, 328.22626pt x 285.065pt>
File: /home/pvermees/Desktop/GEOL0061/extra_files/figure-latex/unnamed-chunk-24
-1.pdf Graphic file (type pdf)
<use /home/pvermees/Desktop/GEOL0061/extra_files/figure-latex/unnamed-chunk-24-
1.pdf>
Package pdftex.def Info: /home/pvermees/Desktop/GEOL0061/extra_files/figure-lat
ex/unnamed-chunk-24-1.pdf  used on input line 1752.
(pdftex.def)             Requested size: 222.37955pt x 193.13698pt.

Overfull \vbox (2.21982pt too high) detected at line 1800
 []

[31

 </home/pvermees/Desktop/GEOL0061/extra_files/figure-latex/unnamed-chunk-24-1.p
df>]
</home/pvermees/Desktop/GEOL0061/extra_files/figure-latex/unnamed-chunk-26-1.pd
f, id=451, 259.97125pt x 235.88126pt>
File: /home/pvermees/Desktop/GEOL0061/extra_files/figure-latex/unnamed-chunk-26
-1.pdf Graphic file (type pdf)
<use /home/pvermees/Desktop/GEOL0061/extra_files/figure-latex/unnamed-chunk-26-
1.pdf>
Package pdftex.def Info: /home/pvermees/Desktop/GEOL0061/extra_files/figure-lat
ex/unnamed-chunk-26-1.pdf  used on input line 1802.
(pdftex.def)             Requested size: 133.42851pt x 121.06448pt.
</home/pvermees/Desktop/GEOL0061/extra_files/figure-latex/unnamed-chunk-28-1.pd
f, id=452, 594.22pt x 235.88126pt>
File: /home/pvermees/Desktop/GEOL0061/extra_files/figure-latex/unnamed-chunk-28
-1.pdf Graphic file (type pdf)
<use /home/pvermees/Desktop/GEOL0061/extra_files/figure-latex/unnamed-chunk-28-
1.pdf>
Package pdftex.def Info: /home/pvermees/Desktop/GEOL0061/extra_files/figure-lat
ex/unnamed-chunk-28-1.pdf  used on input line 1829.
(pdftex.def)             Requested size: 355.81845pt x 141.2455pt.
[32 </home/pvermees/Desktop/GEOL0061/extra_files/figure-latex/unnamed-chunk-26-
1.pdf> </home/pvermees/Desktop/GEOL0061/extra_files/figure-latex/unnamed-chunk-
28-1.pdf>]
</home/pvermees/Desktop/GEOL0061/extra_files/figure-latex/unnamed-chunk-32-1.pd
f, id=473, 328.22626pt x 341.275pt>
File: /home/pvermees/Desktop/GEOL0061/extra_files/figure-latex/unnamed-chunk-32
-1.pdf Graphic file (type pdf)
<use /home/pvermees/Desktop/GEOL0061/extra_files/figure-latex/unnamed-chunk-32-
1.pdf>
Package pdftex.def Info: /home/pvermees/Desktop/GEOL0061/extra_files/figure-lat
ex/unnamed-chunk-32-1.pdf  used on input line 1898.
(pdftex.def)             Requested size: 222.37955pt x 231.22032pt.
</home/pvermees/Desktop/GEOL0061/extra_files/figure-latex/unnamed-chunk-32-2.pd
f, id=474, 259.97125pt x 235.88126pt>
File: /home/pvermees/Desktop/GEOL0061/extra_files/figure-latex/unnamed-chunk-32
-2.pdf Graphic file (type pdf)
<use /home/pvermees/Desktop/GEOL0061/extra_files/figure-latex/unnamed-chunk-32-
2.pdf>
Package pdftex.def Info: /home/pvermees/Desktop/GEOL0061/extra_files/figure-lat
ex/unnamed-chunk-32-2.pdf  used on input line 1908.
(pdftex.def)             Requested size: 222.37689pt x 201.77054pt.
[33 </home/pvermees/Desktop/GEOL0061/extra_files/figure-latex/unnamed-chunk-32-
1.pdf>] [34 </home/pvermees/Desktop/GEOL0061/extra_files/figure-latex/unnamed-c
hunk-32-2.pdf>]
</home/pvermees/Desktop/GEOL0061/extra_files/figure-latex/unnamed-chunk-33-1.pd
f, id=499, 349.305pt x 307.1475pt>
File: /home/pvermees/Desktop/GEOL0061/extra_files/figure-latex/unnamed-chunk-33
-1.pdf Graphic file (type pdf)
<use /home/pvermees/Desktop/GEOL0061/extra_files/figure-latex/unnamed-chunk-33-
1.pdf>
Package pdftex.def Info: /home/pvermees/Desktop/GEOL0061/extra_files/figure-lat
ex/unnamed-chunk-33-1.pdf  used on input line 1939.
(pdftex.def)             Requested size: 222.38184pt x 195.54265pt.
</home/pvermees/Desktop/GEOL0061/extra_files/figure-latex/unnamed-chunk-34-1.pd
f, id=500, 383.4325pt x 382.42876pt>
File: /home/pvermees/Desktop/GEOL0061/extra_files/figure-latex/unnamed-chunk-34
-1.pdf Graphic file (type pdf)
<use /home/pvermees/Desktop/GEOL0061/extra_files/figure-latex/unnamed-chunk-34-
1.pdf>
Package pdftex.def Info: /home/pvermees/Desktop/GEOL0061/extra_files/figure-lat
ex/unnamed-chunk-34-1.pdf  used on input line 1953.
(pdftex.def)             Requested size: 222.3793pt x 221.79715pt.
[35

 </home/pvermees/Desktop/GEOL0061/extra_files/figure-latex/unnamed-chunk-33-1.p
df>]
</home/pvermees/Desktop/GEOL0061/extra_files/figure-latex/unnamed-chunk-35-1.pd
f, id=517, 400.49625pt x 357.335pt>
File: /home/pvermees/Desktop/GEOL0061/extra_files/figure-latex/unnamed-chunk-35
-1.pdf Graphic file (type pdf)
<use /home/pvermees/Desktop/GEOL0061/extra_files/figure-latex/unnamed-chunk-35-
1.pdf>
Package pdftex.def Info: /home/pvermees/Desktop/GEOL0061/extra_files/figure-lat
ex/unnamed-chunk-35-1.pdf  used on input line 1967.
(pdftex.def)             Requested size: 222.38193pt x 198.41595pt.
</home/pvermees/Desktop/GEOL0061/extra_files/figure-latex/unnamed-chunk-36-1.pd
f, id=518, 400.49625pt x 357.335pt>
File: /home/pvermees/Desktop/GEOL0061/extra_files/figure-latex/unnamed-chunk-36
-1.pdf Graphic file (type pdf)
<use /home/pvermees/Desktop/GEOL0061/extra_files/figure-latex/unnamed-chunk-36-
1.pdf>
Package pdftex.def Info: /home/pvermees/Desktop/GEOL0061/extra_files/figure-lat
ex/unnamed-chunk-36-1.pdf  used on input line 1979.
(pdftex.def)             Requested size: 222.38193pt x 198.41595pt.
[36 </home/pvermees/Desktop/GEOL0061/extra_files/figure-latex/unnamed-chunk-34-
1.pdf> </home/pvermees/Desktop/GEOL0061/extra_files/figure-latex/unnamed-chunk-
35-1.pdf>]
</home/pvermees/Desktop/GEOL0061/extra_files/figure-latex/unnamed-chunk-37-1.pd
f, id=538, 400.49625pt x 357.335pt>
File: /home/pvermees/Desktop/GEOL0061/extra_files/figure-latex/unnamed-chunk-37
-1.pdf Graphic file (type pdf)
<use /home/pvermees/Desktop/GEOL0061/extra_files/figure-latex/unnamed-chunk-37-
1.pdf>
Package pdftex.def Info: /home/pvermees/Desktop/GEOL0061/extra_files/figure-lat
ex/unnamed-chunk-37-1.pdf  used on input line 1994.
(pdftex.def)             Requested size: 222.38193pt x 198.41595pt.
[37 </home/pvermees/Desktop/GEOL0061/extra_files/figure-latex/unnamed-chunk-36-
1.pdf> </home/pvermees/Desktop/GEOL0061/extra_files/figure-latex/unnamed-chunk-
37-1.pdf>] [38

]
</home/pvermees/Desktop/GEOL0061/extra_files/figure-latex/unnamed-chunk-43-1.pd
f, id=571, 476.78125pt x 436.63126pt>
File: /home/pvermees/Desktop/GEOL0061/extra_files/figure-latex/unnamed-chunk-43
-1.pdf Graphic file (type pdf)
<use /home/pvermees/Desktop/GEOL0061/extra_files/figure-latex/unnamed-chunk-43-
1.pdf>
Package pdftex.def Info: /home/pvermees/Desktop/GEOL0061/extra_files/figure-lat
ex/unnamed-chunk-43-1.pdf  used on input line 2089.
(pdftex.def)             Requested size: 222.37756pt x 203.65103pt.
</home/pvermees/Desktop/GEOL0061/extra_files/figure-latex/unnamed-chunk-43-2.pd
f, id=572, 473.77pt x 400.49625pt>
File: /home/pvermees/Desktop/GEOL0061/extra_files/figure-latex/unnamed-chunk-43
-2.pdf Graphic file (type pdf)
<use /home/pvermees/Desktop/GEOL0061/extra_files/figure-latex/unnamed-chunk-43-
2.pdf>
Package pdftex.def Info: /home/pvermees/Desktop/GEOL0061/extra_files/figure-lat
ex/unnamed-chunk-43-2.pdf  used on input line 2100.
(pdftex.def)             Requested size: 222.37553pt x 187.9827pt.
[39

 </home/pvermees/Desktop/GEOL0061/extra_files/figure-latex/unnamed-chunk-43-1.p
df> </home/pvermees/Desktop/GEOL0061/extra_files/figure-latex/unnamed-chunk-43-
2.pdf>] [40] (./extra.aux) ) 
Here is how much of TeX's memory you used:
 14716 strings out of 478287
 249250 string characters out of 5849289
 575628 words of memory out of 5000000
 32310 multiletter control sequences out of 15000+600000
 537316 words of font info for 162 fonts, out of 8000000 for 9000
 1141 hyphenation exceptions out of 8191
 74i,8n,77p,1034b,487s stack positions out of 5000i,500n,10000p,200000b,80000s
{/usr/share/texmf/fonts/enc/dvips/lm/lm-ec.enc}{/us
r/share/texmf/fonts/enc/dvips/lm/lm-ts1.enc}{/usr/share/texmf/fonts/enc/dvips/l
m/lm-mathsy.enc}{/usr/share/texmf/fonts/enc/dvips/lm/lm-mathex.enc}{/usr/share/
texmf/fonts/enc/dvips/lm/lm-mathit.enc}{/usr/share/texmf/fonts/enc/dvips/lm/lm-
rm.enc}</usr/share/texmf/fonts/type1/public/lm/lmbx10.pfb></usr/share/texmf/fon
ts/type1/public/lm/lmbx12.pfb></usr/share/texmf/fonts/type1/public/lm/lmbxi10.p
fb></usr/share/texmf/fonts/type1/public/lm/lmex10.pfb></usr/share/texmf/fonts/t
ype1/public/lm/lmmi10.pfb></usr/share/texmf/fonts/type1/public/lm/lmmi7.pfb></u
sr/share/texmf/fonts/type1/public/lm/lmr10.pfb></usr/share/texmf/fonts/type1/pu
blic/lm/lmr17.pfb></usr/share/texmf/fonts/type1/public/lm/lmr7.pfb></usr/share/
texmf/fonts/type1/public/lm/lmri10.pfb></usr/share/texmf/fonts/type1/public/lm/
lmri7.pfb></usr/share/texmf/fonts/type1/public/lm/lmsy10.pfb></usr/share/texmf/
fonts/type1/public/lm/lmsy5.pfb></usr/share/texmf/fonts/type1/public/lm/lmsy7.p
fb></usr/share/texmf/fonts/type1/public/lm/lmtk10.pfb></usr/share/texmf/fonts/t
ype1/public/lm/lmtt10.pfb></usr/share/texmf/fonts/type1/public/lm/lmtti10.pfb>
Output written on extra.pdf (40 pages, 987698 bytes).
PDF statistics:
 781 PDF objects out of 1000 (max. 8388607)
 591 compressed objects within 6 object streams
 146 named destinations out of 1000 (max. 500000)
 35142 words of extra memory for PDF output out of 35830 (max. 10000000)

